<?xml version="1.0" encoding="UTF-8" standalone="no"?><testsuite errors="0" failures="0" name="To Validate The Explore Options Functionality" skipped="0" tests="9" time="175.01" timestamp="2023-09-27 06:19:05"><testcase name="To validate the B to B AND B to G page"/><testcase name="To validate the buyers page"/><testcase name="To validate the Trade and investment forum page"/><testcase name="To validate the Exhibitions page"/><testcase name="To validate the Creative Africa nexus page"/><testcase name="To validate the AU Youth Start ups page"/><testcase name="To validate the African Automotive show page"/><testcase name="To validate the Country days page"/><testcase name="To validate the Gallery page"/></testsuite>