<?xml version="1.0" encoding="UTF-8" standalone="no"?><testsuite errors="0" failures="1" name="To validate why attend functionality" skipped="0" tests="2" time="244.56" timestamp="2023-09-27 06:24:57"><testcase name="To test Whyattend page"/><testcase name="To validate register as a visitor functionality"><failure message="Expected enabled element was not enabled&#10;Build info: version: '4.11.0', revision: '040bc5406b'&#10;System info: os.name: 'Windows 11', os.arch: 'amd64', os.version: '10.0', java.version: '17.0.5'&#10;Driver info: driver.version: unknown" type="net.thucydides.core.webdriver.exceptions.ElementShouldBeEnabledException">Expected enabled element was not enabled
Build info: version: '4.11.0', revision: '040bc5406b'
System info: os.name: 'Windows 11', os.arch: 'amd64', os.version: '10.0', java.version: '17.0.5'
Driver info: driver.version: unknown</failure><system-err>Expected enabled element was not enabled
Build info: version: '4.11.0', revision: '040bc5406b'
System info: os.name: 'Windows 11', os.arch: 'amd64', os.version: '10.0', java.version: '17.0.5'
Driver info: driver.version: unknown&#13;
com.IATF.pages.IATF_Whyattend_pages.click_the_required_radio_button_purchasing_power_queation(IATF_Whyattend_pages.java:548)&#13;
com.IATF.steps.IATF_Whyattend_steps.click_the_required_radio_button_for_what_is_your_purchasing_power_queation(IATF_Whyattend_steps.java:326)&#13;
✽.Click the Required Radio button for What is your purchasing power Queation(file:///C:/Users/hp/eclipse-workspace/IATF_SerenityBDD_Framework/src/test/resources/IATF_features/IATF_Whyattend.feature:55)&#13;
</system-err></testcase></testsuite>